[2025-11-15 00:24:38] [INFO] FrontendPP v2.0.0 () built on 2025-11-15 00:24:32 UTC
[2025-11-15 00:24:38] [INFO] Verbose logging mode enabled
[2025-11-15 00:24:38] [INFO] Log file: logs/frontendpp.log
[2025-11-15 00:24:38] [INFO] ✅ Initializing AuthHandler
[2025-11-15 00:24:38] [INFO] ✅ Checking database existence
[2025-11-15 00:24:38] [INFO] Database file exists: data/auth.db
[2025-11-15 00:24:38] [INFO] ✅ Validating database integrity
[2025-11-15 00:24:38] [INFO] ✅ Database integrity validation passed
[2025-11-15 00:24:38] [INFO] ✅ AuthHandler initialization completed
[2025-11-15 00:24:38] [INFO] ✅ Validating database integrity
[2025-11-15 00:24:38] [INFO] ✅ Database integrity validation passed
[2025-11-15 00:26:46] [INFO] FrontendPP v2.0.0 () built on 2025-11-15 00:24:32 UTC
[2025-11-15 00:26:46] [INFO] Verbose logging mode enabled
[2025-11-15 00:26:46] [INFO] Log file: logs/frontendpp.log
[2025-11-15 00:26:46] [INFO] JWT secret is invalid or default, generating new one
[2025-11-15 00:26:46] [INFO] ✅ Generating JWT secret
[2025-11-15 00:26:46] [INFO] Generated new JWT secret (length: 64)
[2025-11-15 00:26:46] [INFO] ✅ Updating JWT secret in config file
[2025-11-15 00:26:46] [INFO] Successfully updated JWT secret in config file: config/config.json
[2025-11-15 00:26:46] [INFO] ✅ Initializing AuthHandler
[2025-11-15 00:26:46] [INFO] ✅ Checking database existence
[2025-11-15 00:26:46] [INFO] Database file exists: data/auth.db
[2025-11-15 00:26:46] [INFO] ✅ Validating database integrity
[2025-11-15 00:26:46] [INFO] ✅ Database integrity validation passed
[2025-11-15 00:26:46] [INFO] ✅ AuthHandler initialization completed
[2025-11-15 00:26:46] [INFO] ✅ Validating database integrity
[2025-11-15 00:26:46] [INFO] ✅ Database integrity validation passed
[2025-11-15 00:27:39] [INFO] FrontendPP v2.0.0 () built on 2025-11-15 00:24:32 UTC
[2025-11-15 00:27:39] [INFO] Verbose logging mode enabled
[2025-11-15 00:27:39] [INFO] Log file: logs/frontendpp.log
[2025-11-15 00:27:39] [INFO] ✅ Initializing AuthHandler
[2025-11-15 00:27:39] [INFO] ✅ Checking database existence
[2025-11-15 00:27:39] [INFO] Database file exists: data/auth.db
[2025-11-15 00:27:39] [INFO] ✅ Validating database integrity
[2025-11-15 00:27:39] [INFO] ✅ Database integrity validation passed
[2025-11-15 00:27:39] [INFO] ✅ AuthHandler initialization completed
[2025-11-15 00:27:39] [INFO] ✅ Validating database integrity
[2025-11-15 00:27:39] [INFO] ✅ Database integrity validation passed
[2025-11-15 00:31:10] [INFO] FrontendPP v2.0.0 () built on 2025-11-15 00:31:04 UTC
[2025-11-15 00:31:10] [INFO] Verbose logging mode enabled
[2025-11-15 00:31:10] [INFO] Log file: logs/frontendpp.log
[2025-11-15 00:31:10] [INFO] ✅ Initializing AuthHandler
[2025-11-15 00:31:10] [INFO] ✅ Checking database existence
[2025-11-15 00:31:10] [INFO] Database file exists: data/auth.db
[2025-11-15 00:31:10] [INFO] ✅ Validating database integrity
[2025-11-15 00:31:10] [INFO] ✅ Database integrity validation passed
[2025-11-15 00:31:10] [INFO] ✅ AuthHandler initialization completed
[2025-11-15 00:31:10] [INFO] ✅ Validating database integrity
[2025-11-15 00:31:10] [INFO] ✅ Database integrity validation passed
[2025-11-15 00:32:33] [INFO] FrontendPP v2.0.0 () built on 2025-11-15 00:32:28 UTC
[2025-11-15 00:32:33] [INFO] Verbose logging mode enabled
[2025-11-15 00:32:33] [INFO] Log file: logs/frontendpp.log
[2025-11-15 00:32:33] [INFO] ✅ Initializing AuthHandler
[2025-11-15 00:32:33] [INFO] ✅ Checking database existence
[2025-11-15 00:32:33] [INFO] Database file exists: data/auth.db
[2025-11-15 00:32:33] [INFO] ✅ Validating database integrity
[2025-11-15 00:32:33] [INFO] ✅ Database integrity validation passed
[2025-11-15 00:32:33] [INFO] ✅ AuthHandler initialization completed
[2025-11-15 00:32:33] [INFO] ✅ Validating database integrity
[2025-11-15 00:32:33] [INFO] ✅ Database integrity validation passed
[2025-11-15 00:34:08] [INFO] FrontendPP v2.0.0 () built on 2025-11-15 00:32:28 UTC
[2025-11-15 00:34:08] [INFO] Verbose logging mode enabled
[2025-11-15 00:34:08] [INFO] Log file: logs/frontendpp.log
[2025-11-15 00:34:08] [INFO] ✅ Initializing AuthHandler
[2025-11-15 00:34:08] [INFO] ✅ Checking database existence
[2025-11-15 00:34:08] [INFO] Database file exists: data/auth.db
[2025-11-15 00:34:08] [INFO] ✅ Validating database integrity
[2025-11-15 00:34:08] [INFO] ✅ Database integrity validation passed
[2025-11-15 00:34:08] [INFO] ✅ AuthHandler initialization completed
[2025-11-15 00:34:08] [INFO] ✅ Validating database integrity
[2025-11-15 00:34:08] [INFO] ✅ Database integrity validation passed
[2025-11-15 00:35:26] [INFO] FrontendPP v2.0.0 () built on 2025-11-15 00:32:28 UTC
[2025-11-15 00:35:26] [INFO] Verbose logging mode enabled
[2025-11-15 00:35:26] [INFO] Log file: logs/frontendpp.log
[2025-11-15 00:35:26] [INFO] ✅ Initializing AuthHandler
[2025-11-15 00:35:26] [INFO] ✅ Checking database existence
[2025-11-15 00:35:26] [INFO] Database file exists: data/auth.db
[2025-11-15 00:35:26] [INFO] ✅ Validating database integrity
[2025-11-15 00:35:26] [INFO] ✅ Database integrity validation passed
[2025-11-15 00:35:26] [INFO] ✅ AuthHandler initialization completed
[2025-11-15 00:35:26] [INFO] ✅ Validating database integrity
[2025-11-15 00:35:26] [INFO] ✅ Database integrity validation passed
[2025-11-15 00:35:57] [INFO] FrontendPP v2.0.0 () built on 2025-11-15 00:32:28 UTC
[2025-11-15 00:35:57] [INFO] Verbose logging mode enabled
[2025-11-15 00:35:57] [INFO] Log file: logs/frontendpp.log
[2025-11-15 00:35:57] [INFO] ✅ Initializing AuthHandler
[2025-11-15 00:35:57] [INFO] ✅ Checking database existence
[2025-11-15 00:35:57] [INFO] Database file exists: data/auth.db
[2025-11-15 00:35:57] [INFO] ✅ Validating database integrity
[2025-11-15 00:35:57] [INFO] ✅ Database integrity validation passed
[2025-11-15 00:35:57] [INFO] ✅ AuthHandler initialization completed
[2025-11-15 00:35:57] [INFO] ✅ Validating database integrity
[2025-11-15 00:35:57] [INFO] ✅ Database integrity validation passed
[2025-11-15 00:38:04] [INFO] FrontendPP v2.0.0 () built on 2025-11-15 00:37:58 UTC
[2025-11-15 00:38:04] [INFO] Verbose logging mode enabled
[2025-11-15 00:38:04] [INFO] Log file: logs/frontendpp.log
[2025-11-15 00:38:04] [INFO] ✅ Initializing AuthHandler
[2025-11-15 00:38:04] [INFO] ✅ Checking database existence
[2025-11-15 00:38:04] [INFO] Database file exists: data/auth.db
[2025-11-15 00:38:04] [INFO] ✅ Validating database integrity
[2025-11-15 00:38:04] [INFO] ✅ Database integrity validation passed
[2025-11-15 00:38:04] [INFO] ✅ AuthHandler initialization completed
[2025-11-15 00:38:04] [INFO] ✅ Validating database integrity
[2025-11-15 00:38:04] [INFO] ✅ Database integrity validation passed
[2025-11-15 00:38:06] [INFO] FrontendPP v2.0.0 () built on 2025-11-15 00:37:58 UTC
[2025-11-15 00:38:06] [INFO] Verbose logging mode enabled
[2025-11-15 00:38:06] [INFO] Log file: logs/frontendpp.log
[2025-11-15 00:38:06] [INFO] ✅ Initializing AuthHandler
[2025-11-15 00:38:06] [INFO] ✅ Checking database existence
[2025-11-15 00:38:06] [INFO] Database file exists: data/auth.db
[2025-11-15 00:38:06] [INFO] ✅ Validating database integrity
[2025-11-15 00:38:06] [INFO] ✅ Database integrity validation passed
[2025-11-15 00:38:06] [INFO] ✅ AuthHandler initialization completed
[2025-11-15 00:38:06] [INFO] ✅ Validating database integrity
[2025-11-15 00:38:06] [INFO] ✅ Database integrity validation passed
[2025-11-15 00:38:14] [INFO] FrontendPP v2.0.0 () built on 2025-11-15 00:37:58 UTC
[2025-11-15 00:38:14] [INFO] Verbose logging mode enabled
[2025-11-15 00:38:14] [INFO] Log file: logs/frontendpp.log
[2025-11-15 00:38:14] [INFO] ✅ Initializing AuthHandler
[2025-11-15 00:38:14] [INFO] ✅ Checking database existence
[2025-11-15 00:38:14] [INFO] Database file exists: data/auth.db
[2025-11-15 00:38:14] [INFO] ✅ Validating database integrity
[2025-11-15 00:38:14] [INFO] ✅ Database integrity validation passed
[2025-11-15 00:38:14] [INFO] ✅ AuthHandler initialization completed
[2025-11-15 00:38:14] [INFO] ✅ Validating database integrity
[2025-11-15 00:38:14] [INFO] ✅ Database integrity validation passed
[2025-11-15 00:43:49] [INFO] FrontendPP v2.0.0 () built on 2025-11-15 00:42:57 UTC
[2025-11-15 00:43:49] [INFO] Verbose logging mode enabled
[2025-11-15 00:43:49] [INFO] Log file: logs/frontendpp.log
[2025-11-15 00:43:49] [INFO] ✅ Initializing AuthHandler
[2025-11-15 00:43:49] [INFO] ✅ Checking database existence
[2025-11-15 00:43:49] [INFO] Database file exists: data/auth.db
[2025-11-15 00:43:49] [INFO] ✅ Validating database integrity
[2025-11-15 00:43:49] [INFO] ✅ Database integrity validation passed
[2025-11-15 00:43:49] [INFO] ✅ AuthHandler initialization completed
[2025-11-15 00:43:49] [INFO] ✅ Validating database integrity
[2025-11-15 00:43:49] [INFO] ✅ Database integrity validation passed
[2025-11-15 00:44:49] [INFO] FrontendPP v2.0.0 () built on 2025-11-15 00:42:57 UTC
[2025-11-15 00:44:49] [INFO] Verbose logging mode enabled
[2025-11-15 00:44:49] [INFO] Log file: logs/frontendpp.log
[2025-11-15 00:44:49] [INFO] ✅ Initializing AuthHandler
[2025-11-15 00:44:49] [INFO] ✅ Checking database existence
[2025-11-15 00:44:49] [INFO] Database file exists: data/auth.db
[2025-11-15 00:44:49] [INFO] ✅ Validating database integrity
[2025-11-15 00:44:49] [INFO] ✅ Database integrity validation passed
[2025-11-15 00:44:49] [INFO] ✅ AuthHandler initialization completed
[2025-11-15 00:44:49] [INFO] ✅ Validating database integrity
[2025-11-15 00:44:49] [INFO] ✅ Database integrity validation passed
[2025-11-15 00:46:22] [INFO] FrontendPP v2.0.0 () built on 2025-11-15 00:42:57 UTC
[2025-11-15 00:46:22] [INFO] Verbose logging mode enabled
[2025-11-15 00:46:22] [INFO] Log file: logs/frontendpp.log
[2025-11-15 00:46:22] [INFO] ✅ Initializing AuthHandler
[2025-11-15 00:46:22] [INFO] ✅ Checking database existence
[2025-11-15 00:46:22] [INFO] Database file exists: data/auth.db
[2025-11-15 00:46:22] [INFO] ✅ Validating database integrity
[2025-11-15 00:46:22] [INFO] ✅ Database integrity validation passed
[2025-11-15 00:46:22] [INFO] ✅ AuthHandler initialization completed
[2025-11-15 00:46:22] [INFO] ✅ Validating database integrity
[2025-11-15 00:46:22] [INFO] ✅ Database integrity validation passed
[2025-11-15 00:47:01] [INFO] FrontendPP v2.0.0 () built on 2025-11-15 00:42:57 UTC
[2025-11-15 00:47:01] [INFO] Verbose logging mode enabled
[2025-11-15 00:47:01] [INFO] Log file: logs/frontendpp.log
[2025-11-15 00:47:01] [INFO] ✅ Initializing AuthHandler
[2025-11-15 00:47:01] [INFO] ✅ Checking database existence
[2025-11-15 00:47:01] [INFO] Database file exists: data/auth.db
[2025-11-15 00:47:01] [INFO] ✅ Validating database integrity
[2025-11-15 00:47:01] [INFO] ✅ Database integrity validation passed
[2025-11-15 00:47:01] [INFO] ✅ AuthHandler initialization completed
[2025-11-15 00:47:01] [INFO] ✅ Validating database integrity
[2025-11-15 00:47:01] [INFO] ✅ Database integrity validation passed
[2025-11-15 00:47:23] [INFO] FrontendPP v2.0.0 () built on 2025-11-15 00:42:57 UTC
[2025-11-15 00:47:23] [INFO] Verbose logging mode enabled
[2025-11-15 00:47:23] [INFO] Log file: logs/frontendpp.log
[2025-11-15 00:47:23] [INFO] ✅ Initializing AuthHandler
[2025-11-15 00:47:23] [INFO] ✅ Checking database existence
[2025-11-15 00:47:23] [INFO] Database file exists: data/auth.db
[2025-11-15 00:47:23] [INFO] ✅ Validating database integrity
[2025-11-15 00:47:23] [INFO] ✅ Database integrity validation passed
[2025-11-15 00:47:23] [INFO] ✅ AuthHandler initialization completed
[2025-11-15 00:47:23] [INFO] ✅ Validating database integrity
[2025-11-15 00:47:23] [INFO] ✅ Database integrity validation passed
[2025-11-15 00:47:46] [INFO] FrontendPP v2.0.0 () built on 2025-11-15 00:42:57 UTC
[2025-11-15 00:47:46] [INFO] Verbose logging mode enabled
[2025-11-15 00:47:46] [INFO] Log file: logs/frontendpp.log
[2025-11-15 00:47:46] [INFO] ✅ Initializing AuthHandler
[2025-11-15 00:47:46] [INFO] ✅ Checking database existence
[2025-11-15 00:47:46] [INFO] Database file exists: data/auth.db
[2025-11-15 00:47:46] [INFO] ✅ Validating database integrity
[2025-11-15 00:47:46] [INFO] ✅ Database integrity validation passed
[2025-11-15 00:47:46] [INFO] ✅ AuthHandler initialization completed
[2025-11-15 00:47:46] [INFO] ✅ Validating database integrity
[2025-11-15 00:47:46] [INFO] ✅ Database integrity validation passed
[2025-11-15 00:48:08] [INFO] FrontendPP v2.0.0 () built on 2025-11-15 00:42:57 UTC
[2025-11-15 00:48:08] [INFO] Verbose logging mode enabled
[2025-11-15 00:48:08] [INFO] Log file: logs/frontendpp.log
[2025-11-15 00:48:08] [INFO] ✅ Initializing AuthHandler
[2025-11-15 00:48:08] [INFO] ✅ Checking database existence
[2025-11-15 00:48:08] [INFO] Database file exists: data/auth.db
[2025-11-15 00:48:08] [INFO] ✅ Validating database integrity
[2025-11-15 00:48:08] [INFO] ✅ Database integrity validation passed
[2025-11-15 00:48:08] [INFO] ✅ AuthHandler initialization completed
[2025-11-15 00:48:08] [INFO] ✅ Validating database integrity
[2025-11-15 00:48:08] [INFO] ✅ Database integrity validation passed
[2025-11-15 00:49:44] [INFO] FrontendPP v2.0.0 () built on 2025-11-15 00:42:57 UTC
[2025-11-15 00:49:44] [INFO] Verbose logging mode enabled
[2025-11-15 00:49:44] [INFO] Log file: logs/frontendpp.log
[2025-11-15 00:49:44] [INFO] ✅ Initializing AuthHandler
[2025-11-15 00:49:44] [INFO] ✅ Checking database existence
[2025-11-15 00:49:44] [INFO] Database file exists: data/auth.db
[2025-11-15 00:49:44] [INFO] ✅ Validating database integrity
[2025-11-15 00:49:44] [INFO] ✅ Database integrity validation passed
[2025-11-15 00:49:44] [INFO] ✅ AuthHandler initialization completed
[2025-11-15 00:49:44] [INFO] ✅ Validating database integrity
[2025-11-15 00:49:44] [INFO] ✅ Database integrity validation passed
[2025-11-15 00:49:46] [INFO] FrontendPP v2.0.0 () built on 2025-11-15 00:42:57 UTC
[2025-11-15 00:49:46] [INFO] Verbose logging mode enabled
[2025-11-15 00:49:46] [INFO] Log file: logs/frontendpp.log
[2025-11-15 00:49:46] [INFO] ✅ Initializing AuthHandler
[2025-11-15 00:49:46] [INFO] ✅ Checking database existence
[2025-11-15 00:49:46] [INFO] Database file exists: data/auth.db
[2025-11-15 00:49:46] [INFO] ✅ Validating database integrity
[2025-11-15 00:49:46] [INFO] ✅ Database integrity validation passed
[2025-11-15 00:49:46] [INFO] ✅ AuthHandler initialization completed
[2025-11-15 00:49:46] [INFO] ✅ Validating database integrity
[2025-11-15 00:49:46] [INFO] ✅ Database integrity validation passed
[2025-11-15 00:50:16] [INFO] FrontendPP v2.0.0 () built on 2025-11-15 00:42:57 UTC
[2025-11-15 00:50:16] [INFO] Verbose logging mode enabled
[2025-11-15 00:50:16] [INFO] Log file: logs/frontendpp.log
[2025-11-15 00:50:16] [INFO] ✅ Initializing AuthHandler
[2025-11-15 00:50:16] [INFO] ✅ Checking database existence
[2025-11-15 00:50:16] [INFO] Database file exists: data/auth.db
[2025-11-15 00:50:16] [INFO] ✅ Validating database integrity
[2025-11-15 00:50:16] [INFO] ✅ Database integrity validation passed
[2025-11-15 00:50:16] [INFO] ✅ AuthHandler initialization completed
[2025-11-15 00:50:16] [INFO] ✅ Validating database integrity
[2025-11-15 00:50:16] [INFO] ✅ Database integrity validation passed
[2025-11-15 00:50:26] [INFO] FrontendPP v2.0.0 () built on 2025-11-15 00:42:57 UTC
[2025-11-15 00:50:26] [INFO] Verbose logging mode enabled
[2025-11-15 00:50:26] [INFO] Log file: logs/frontendpp.log
[2025-11-15 00:50:26] [INFO] ✅ Initializing AuthHandler
[2025-11-15 00:50:26] [INFO] ✅ Checking database existence
[2025-11-15 00:50:26] [INFO] Database file exists: data/auth.db
[2025-11-15 00:50:26] [INFO] ✅ Validating database integrity
[2025-11-15 00:50:26] [INFO] ✅ Database integrity validation passed
[2025-11-15 00:50:26] [INFO] ✅ AuthHandler initialization completed
[2025-11-15 00:50:26] [INFO] ✅ Validating database integrity
[2025-11-15 00:50:26] [INFO] ✅ Database integrity validation passed
[2025-11-15 00:52:01] [INFO] FrontendPP v2.0.0 () built on 2025-11-15 00:42:57 UTC
[2025-11-15 00:52:01] [INFO] Verbose logging mode enabled
[2025-11-15 00:52:01] [INFO] Log file: logs/frontendpp.log
[2025-11-15 00:52:01] [INFO] ✅ Initializing AuthHandler
[2025-11-15 00:52:01] [INFO] ✅ Checking database existence
[2025-11-15 00:52:01] [INFO] Database file exists: data/auth.db
[2025-11-15 00:52:01] [INFO] ✅ Validating database integrity
[2025-11-15 00:52:01] [INFO] ✅ Database integrity validation passed
[2025-11-15 00:52:01] [INFO] ✅ AuthHandler initialization completed
[2025-11-15 00:52:01] [INFO] ✅ Validating database integrity
[2025-11-15 00:52:01] [INFO] ✅ Database integrity validation passed
[2025-11-15 00:52:07] [INFO] FrontendPP v2.0.0 () built on 2025-11-15 00:42:57 UTC
[2025-11-15 00:52:07] [INFO] Verbose logging mode enabled
[2025-11-15 00:52:07] [INFO] Log file: logs/frontendpp.log
[2025-11-15 00:52:07] [INFO] ✅ Initializing AuthHandler
[2025-11-15 00:52:07] [INFO] ✅ Checking database existence
[2025-11-15 00:52:07] [INFO] Database file exists: data/auth.db
[2025-11-15 00:52:07] [INFO] ✅ Validating database integrity
[2025-11-15 00:52:07] [INFO] ✅ Database integrity validation passed
[2025-11-15 00:52:07] [INFO] ✅ AuthHandler initialization completed
[2025-11-15 00:52:07] [INFO] ✅ Validating database integrity
[2025-11-15 00:52:07] [INFO] ✅ Database integrity validation passed
[2025-11-15 00:52:27] [INFO] FrontendPP v2.0.0 () built on 2025-11-15 00:42:57 UTC
[2025-11-15 00:52:27] [INFO] Verbose logging mode enabled
[2025-11-15 00:52:27] [INFO] Log file: logs/frontendpp.log
[2025-11-15 00:52:27] [INFO] ✅ Initializing AuthHandler
[2025-11-15 00:52:27] [INFO] ✅ Checking database existence
[2025-11-15 00:52:27] [INFO] Database file exists: data/auth.db
[2025-11-15 00:52:27] [INFO] ✅ Validating database integrity
[2025-11-15 00:52:27] [INFO] ✅ Database integrity validation passed
[2025-11-15 00:52:27] [INFO] ✅ AuthHandler initialization completed
[2025-11-15 00:52:27] [INFO] ✅ Validating database integrity
[2025-11-15 00:52:27] [INFO] ✅ Database integrity validation passed
[2025-11-15 00:54:44] [INFO] FrontendPP v2.0.0 () built on 2025-11-15 00:42:57 UTC
[2025-11-15 00:54:44] [INFO] Verbose logging mode enabled
[2025-11-15 00:54:44] [INFO] Log file: logs/frontendpp.log
[2025-11-15 00:54:44] [INFO] ✅ Initializing AuthHandler
[2025-11-15 00:54:44] [INFO] ✅ Checking database existence
[2025-11-15 00:54:44] [INFO] Database file exists: data/auth.db
[2025-11-15 00:54:44] [INFO] ✅ Validating database integrity
[2025-11-15 00:54:44] [INFO] ✅ Database integrity validation passed
[2025-11-15 00:54:44] [INFO] ✅ AuthHandler initialization completed
[2025-11-15 00:54:44] [INFO] ✅ Validating database integrity
[2025-11-15 00:54:44] [INFO] ✅ Database integrity validation passed
[2025-11-15 00:55:18] [INFO] FrontendPP v2.0.0 () built on 2025-11-15 00:42:57 UTC
[2025-11-15 00:55:18] [INFO] Verbose logging mode enabled
[2025-11-15 00:55:18] [INFO] Log file: logs/frontendpp.log
[2025-11-15 00:55:18] [INFO] ✅ Initializing AuthHandler
[2025-11-15 00:55:18] [INFO] ✅ Checking database existence
[2025-11-15 00:55:18] [INFO] Database file exists: data/auth.db
[2025-11-15 00:55:18] [INFO] ✅ Validating database integrity
[2025-11-15 00:55:18] [INFO] ✅ Database integrity validation passed
[2025-11-15 00:55:18] [INFO] ✅ AuthHandler initialization completed
[2025-11-15 00:55:18] [INFO] ✅ Validating database integrity
[2025-11-15 00:55:18] [INFO] ✅ Database integrity validation passed
[2025-11-15 00:55:55] [INFO] FrontendPP v2.0.0 () built on 2025-11-15 00:42:57 UTC
[2025-11-15 00:55:55] [INFO] Verbose logging mode enabled
[2025-11-15 00:55:55] [INFO] Log file: logs/frontendpp.log
[2025-11-15 00:55:55] [INFO] ✅ Initializing AuthHandler
[2025-11-15 00:55:55] [INFO] ✅ Checking database existence
[2025-11-15 00:55:55] [INFO] Database file exists: data/auth.db
[2025-11-15 00:55:55] [INFO] ✅ Validating database integrity
[2025-11-15 00:55:55] [INFO] ✅ Database integrity validation passed
[2025-11-15 00:55:55] [INFO] ✅ AuthHandler initialization completed
[2025-11-15 00:55:55] [INFO] ✅ Validating database integrity
[2025-11-15 00:55:55] [INFO] ✅ Database integrity validation passed
[2025-11-15 00:56:25] [INFO] FrontendPP v2.0.0 () built on 2025-11-15 00:42:57 UTC
[2025-11-15 00:56:25] [INFO] Verbose logging mode enabled
[2025-11-15 00:56:25] [INFO] Log file: logs/frontendpp.log
[2025-11-15 00:56:25] [INFO] ✅ Initializing AuthHandler
[2025-11-15 00:56:25] [INFO] ✅ Checking database existence
[2025-11-15 00:56:25] [INFO] Database file exists: data/auth.db
[2025-11-15 00:56:25] [INFO] ✅ Validating database integrity
[2025-11-15 00:56:25] [INFO] ✅ Database integrity validation passed
[2025-11-15 00:56:25] [INFO] ✅ AuthHandler initialization completed
[2025-11-15 00:56:25] [INFO] ✅ Validating database integrity
[2025-11-15 00:56:25] [INFO] ✅ Database integrity validation passed
[2025-11-15 00:57:26] [INFO] FrontendPP v2.0.0 () built on 2025-11-15 00:42:57 UTC
[2025-11-15 00:57:26] [INFO] Verbose logging mode enabled
[2025-11-15 00:57:26] [INFO] Log file: logs/frontendpp.log
[2025-11-15 00:57:26] [INFO] ✅ Initializing AuthHandler
[2025-11-15 00:57:26] [INFO] ✅ Checking database existence
[2025-11-15 00:57:26] [INFO] Database file exists: data/auth.db
[2025-11-15 00:57:26] [INFO] ✅ Validating database integrity
[2025-11-15 00:57:26] [INFO] ✅ Database integrity validation passed
[2025-11-15 00:57:26] [INFO] ✅ AuthHandler initialization completed
[2025-11-15 00:57:26] [INFO] ✅ Validating database integrity
[2025-11-15 00:57:26] [INFO] ✅ Database integrity validation passed
[2025-11-15 01:00:17] [INFO] FrontendPP v2.0.0 () built on 2025-11-15 00:42:57 UTC
[2025-11-15 01:00:17] [INFO] Verbose logging mode enabled
[2025-11-15 01:00:17] [INFO] Log file: logs/frontendpp.log
[2025-11-15 01:00:17] [INFO] ✅ Initializing AuthHandler
[2025-11-15 01:00:17] [INFO] ✅ Checking database existence
[2025-11-15 01:00:17] [INFO] Database file exists: data/auth.db
[2025-11-15 01:00:17] [INFO] ✅ Validating database integrity
[2025-11-15 01:00:17] [INFO] ✅ Database integrity validation passed
[2025-11-15 01:00:17] [INFO] ✅ AuthHandler initialization completed
[2025-11-15 01:00:17] [INFO] ✅ Validating database integrity
[2025-11-15 01:00:17] [INFO] ✅ Database integrity validation passed
[2025-11-15 01:00:56] [INFO] FrontendPP v2.0.0 () built on 2025-11-15 00:42:57 UTC
[2025-11-15 01:00:56] [INFO] Verbose logging mode enabled
[2025-11-15 01:00:56] [INFO] Log file: logs/frontendpp.log
[2025-11-15 01:00:56] [INFO] ✅ Initializing AuthHandler
[2025-11-15 01:00:56] [INFO] ✅ Checking database existence
[2025-11-15 01:00:56] [INFO] Database file exists: data/auth.db
[2025-11-15 01:00:56] [INFO] ✅ Validating database integrity
[2025-11-15 01:00:56] [INFO] ✅ Database integrity validation passed
[2025-11-15 01:00:56] [INFO] ✅ AuthHandler initialization completed
[2025-11-15 01:00:56] [INFO] ✅ Validating database integrity
[2025-11-15 01:00:56] [INFO] ✅ Database integrity validation passed
[2025-11-15 01:02:14] [INFO] FrontendPP v2.0.0 () built on 2025-11-15 00:42:57 UTC
[2025-11-15 01:02:14] [INFO] Verbose logging mode enabled
[2025-11-15 01:02:14] [INFO] Log file: logs/frontendpp.log
[2025-11-15 01:02:14] [INFO] ✅ Initializing AuthHandler
[2025-11-15 01:02:14] [INFO] ✅ Checking database existence
[2025-11-15 01:02:14] [INFO] Database file exists: data/auth.db
[2025-11-15 01:02:14] [INFO] ✅ Validating database integrity
[2025-11-15 01:02:14] [INFO] ✅ Database integrity validation passed
[2025-11-15 01:02:14] [INFO] ✅ AuthHandler initialization completed
[2025-11-15 01:02:14] [INFO] ✅ Validating database integrity
[2025-11-15 01:02:14] [INFO] ✅ Database integrity validation passed
[2025-11-15 01:02:36] [INFO] FrontendPP v2.0.0 () built on 2025-11-15 00:42:57 UTC
[2025-11-15 01:02:36] [INFO] Verbose logging mode enabled
[2025-11-15 01:02:36] [INFO] Log file: logs/frontendpp.log
[2025-11-15 01:02:36] [INFO] ✅ Initializing AuthHandler
[2025-11-15 01:02:36] [INFO] ✅ Checking database existence
[2025-11-15 01:02:36] [INFO] Database file exists: data/auth.db
[2025-11-15 01:02:36] [INFO] ✅ Validating database integrity
[2025-11-15 01:02:36] [INFO] ✅ Database integrity validation passed
[2025-11-15 01:02:36] [INFO] ✅ AuthHandler initialization completed
[2025-11-15 01:02:36] [INFO] ✅ Validating database integrity
[2025-11-15 01:02:36] [INFO] ✅ Database integrity validation passed
[2025-11-15 01:03:10] [INFO] FrontendPP v2.0.0 () built on 2025-11-15 00:42:57 UTC
[2025-11-15 01:03:10] [INFO] Verbose logging mode enabled
[2025-11-15 01:03:10] [INFO] Log file: logs/frontendpp.log
[2025-11-15 01:03:10] [INFO] ✅ Initializing AuthHandler
[2025-11-15 01:03:10] [INFO] ✅ Checking database existence
[2025-11-15 01:03:10] [INFO] Database file exists: data/auth.db
[2025-11-15 01:03:10] [INFO] ✅ Validating database integrity
[2025-11-15 01:03:10] [INFO] ✅ Database integrity validation passed
[2025-11-15 01:03:10] [INFO] ✅ AuthHandler initialization completed
[2025-11-15 01:03:10] [INFO] ✅ Validating database integrity
[2025-11-15 01:03:10] [INFO] ✅ Database integrity validation passed
[2025-11-15 01:04:07] [INFO] FrontendPP v2.0.0 () built on 2025-11-15 00:42:57 UTC
[2025-11-15 01:04:07] [INFO] Verbose logging mode enabled
[2025-11-15 01:04:07] [INFO] Log file: logs/frontendpp.log
[2025-11-15 01:04:07] [INFO] ✅ Initializing AuthHandler
[2025-11-15 01:04:07] [INFO] ✅ Checking database existence
[2025-11-15 01:04:07] [INFO] Database file exists: data/auth.db
[2025-11-15 01:04:07] [INFO] ✅ Validating database integrity
[2025-11-15 01:04:07] [INFO] ✅ Database integrity validation passed
[2025-11-15 01:04:07] [WARN] Failed to cleanup non-admin data
[2025-11-15 01:04:07] [INFO] ✅ AuthHandler initialization completed
[2025-11-15 01:04:07] [INFO] ✅ Validating database integrity
[2025-11-15 01:04:07] [INFO] ✅ Database integrity validation passed
[2025-11-15 01:04:12] [INFO] FrontendPP v2.0.0 () built on 2025-11-15 00:42:57 UTC
[2025-11-15 01:04:12] [INFO] Verbose logging mode enabled
[2025-11-15 01:04:12] [INFO] Log file: logs/frontendpp.log
[2025-11-15 01:04:12] [INFO] ✅ Initializing AuthHandler
[2025-11-15 01:04:12] [INFO] ✅ Checking database existence
[2025-11-15 01:04:12] [INFO] Database file exists: data/auth.db
[2025-11-15 01:04:12] [INFO] ✅ Validating database integrity
[2025-11-15 01:04:12] [INFO] ✅ Database integrity validation passed
[2025-11-15 01:04:12] [INFO] ✅ AuthHandler initialization completed
[2025-11-15 01:04:12] [INFO] ✅ Validating database integrity
[2025-11-15 01:04:12] [INFO] ✅ Database integrity validation passed
[2025-11-15 01:04:42] [INFO] FrontendPP v2.0.0 () built on 2025-11-15 00:42:57 UTC
[2025-11-15 01:04:42] [INFO] Verbose logging mode enabled
[2025-11-15 01:04:42] [INFO] Log file: logs/frontendpp.log
[2025-11-15 01:04:42] [INFO] ✅ Initializing AuthHandler
[2025-11-15 01:04:42] [INFO] ✅ Checking database existence
[2025-11-15 01:04:42] [INFO] Database file exists: data/auth.db
[2025-11-15 01:04:42] [INFO] ✅ Validating database integrity
[2025-11-15 01:04:42] [INFO] ✅ Database integrity validation passed
[2025-11-15 01:04:42] [INFO] ✅ AuthHandler initialization completed
[2025-11-15 01:04:42] [INFO] ✅ Validating database integrity
[2025-11-15 01:04:42] [INFO] ✅ Database integrity validation passed
[2025-11-15 01:04:49] [INFO] FrontendPP v2.0.0 () built on 2025-11-15 00:42:57 UTC
[2025-11-15 01:04:49] [INFO] Verbose logging mode enabled
[2025-11-15 01:04:49] [INFO] Log file: logs/frontendpp.log
[2025-11-15 01:04:49] [INFO] ✅ Initializing AuthHandler
[2025-11-15 01:04:49] [INFO] ✅ Checking database existence
[2025-11-15 01:04:49] [INFO] Database file exists: data/auth.db
[2025-11-15 01:04:49] [INFO] ✅ Validating database integrity
[2025-11-15 01:04:49] [INFO] ✅ Database integrity validation passed
[2025-11-15 01:04:49] [INFO] ✅ AuthHandler initialization completed
[2025-11-15 01:04:49] [INFO] ✅ Validating database integrity
[2025-11-15 01:04:49] [INFO] ✅ Database integrity validation passed
[2025-11-15 01:05:25] [INFO] FrontendPP v2.0.0 () built on 2025-11-15 00:42:57 UTC
[2025-11-15 01:05:25] [INFO] Verbose logging mode enabled
[2025-11-15 01:05:25] [INFO] Log file: logs/frontendpp.log
[2025-11-15 01:05:25] [INFO] ✅ Initializing AuthHandler
[2025-11-15 01:05:25] [INFO] ✅ Checking database existence
[2025-11-15 01:05:25] [INFO] Database file exists: data/auth.db
[2025-11-15 01:05:25] [INFO] ✅ Validating database integrity
[2025-11-15 01:05:25] [INFO] ✅ Database integrity validation passed
[2025-11-15 01:05:25] [INFO] ✅ AuthHandler initialization completed
[2025-11-15 01:05:25] [INFO] ✅ Validating database integrity
[2025-11-15 01:05:25] [INFO] ✅ Database integrity validation passed
[2025-11-15 01:07:46] [INFO] FrontendPP v2.0.0 () built on 2025-11-15 00:42:57 UTC
[2025-11-15 01:07:46] [INFO] Verbose logging mode enabled
[2025-11-15 01:07:46] [INFO] Log file: logs/frontendpp.log
[2025-11-15 01:07:46] [INFO] ✅ Initializing AuthHandler
[2025-11-15 01:07:46] [INFO] ✅ Checking database existence
[2025-11-15 01:07:46] [INFO] Database file exists: data/auth.db
[2025-11-15 01:07:46] [INFO] ✅ Validating database integrity
[2025-11-15 01:07:46] [INFO] ✅ Database integrity validation passed
[2025-11-15 01:07:46] [INFO] ✅ AuthHandler initialization completed
[2025-11-15 01:07:46] [INFO] ✅ Validating database integrity
[2025-11-15 01:07:46] [INFO] ✅ Database integrity validation passed
[2025-11-15 01:07:52] [INFO] FrontendPP v2.0.0 () built on 2025-11-15 00:42:57 UTC
[2025-11-15 01:07:52] [INFO] Verbose logging mode enabled
[2025-11-15 01:07:52] [INFO] Log file: logs/frontendpp.log
[2025-11-15 01:07:52] [INFO] ✅ Initializing AuthHandler
[2025-11-15 01:07:52] [INFO] ✅ Checking database existence
[2025-11-15 01:07:52] [INFO] Database file exists: data/auth.db
[2025-11-15 01:07:52] [INFO] ✅ Validating database integrity
[2025-11-15 01:07:52] [INFO] ✅ Database integrity validation passed
[2025-11-15 01:07:52] [INFO] ✅ AuthHandler initialization completed
[2025-11-15 01:07:52] [INFO] ✅ Validating database integrity
[2025-11-15 01:07:52] [INFO] ✅ Database integrity validation passed
[2025-11-15 01:07:57] [INFO] File served: login-page.html
[2025-11-15 01:07:57] [INFO] File served: components/popup.js
[2025-11-15 01:07:57] [INFO] File served: assets/js/websocket-client.js
[2025-11-15 01:07:57] [INFO] File served: assets/js/login-websocket.js
[2025-11-15 01:07:57] [INFO] File served: assets/js/dashboard-websocket.js
[2025-11-15 01:07:57] [INFO] File served: assets/js/websocket-tester.js
[2025-11-15 01:07:57] [INFO] File served: assets/js/websocket-system.js
[2025-11-15 01:07:57] [INFO] File served: assets/js/jwt-token-manager.js
[2025-11-15 01:07:57] [INFO] File served: assets/js/enhanced-auth-system.js
[2025-11-15 01:07:57] [INFO] File served: login-page.html
[2025-11-15 01:10:42] [INFO] File served: login-page.html
[2025-11-15 01:10:59] [INFO] File served: assets/js/jwt-token-manager.js
[2025-11-15 01:11:56] [INFO] File served: login-page.html
[2025-11-15 01:12:07] [INFO] File served: login-page.html
[2025-11-15 01:12:20] [INFO] FrontendPP v2.0.0 () built on 2025-11-15 00:42:57 UTC
[2025-11-15 01:12:20] [INFO] Verbose logging mode enabled
[2025-11-15 01:12:20] [INFO] Log file: logs/frontendpp.log
[2025-11-15 01:12:20] [INFO] ✅ Initializing AuthHandler
[2025-11-15 01:12:20] [INFO] ✅ Checking database existence
[2025-11-15 01:12:20] [INFO] Database file exists: data/auth.db
[2025-11-15 01:12:20] [INFO] ✅ Validating database integrity
[2025-11-15 01:12:20] [INFO] ✅ Database integrity validation passed
[2025-11-15 01:12:20] [INFO] ✅ AuthHandler initialization completed
[2025-11-15 01:12:20] [INFO] ✅ Validating database integrity
[2025-11-15 01:12:20] [INFO] ✅ Database integrity validation passed
[2025-11-15 01:12:22] [INFO] File served: login-page.html
[2025-11-15 01:23:59] [INFO] File served: login-page.html
[2025-11-15 01:24:30] [INFO] File served: login-page.html
[2025-11-15 01:26:05] [INFO] File served: source.html
[2025-11-15 01:26:05] [INFO] File served: assets/js/dashboard.js
[2025-11-15 01:26:05] [INFO] File served: assets/js/system-settings-modal.js
[2025-11-15 01:26:05] [INFO] File served: assets/js/utility.js
[2025-11-15 01:26:05] [INFO] File served: components/landing-section.html
[2025-11-15 01:26:15] [INFO] File served: login-page.html
[2025-11-15 01:26:18] [INFO] File served: source.html
[2025-11-15 01:31:15] [INFO] File served: login-page.html
[2025-11-15 01:31:34] [INFO] File served: source.html
[2025-11-15 01:31:39] [INFO] File served: components/mavlink-system-overview-section.html
[2025-11-15 01:31:39] [WARN] File not found: api/mav-system/overview
[2025-11-15 01:32:16] [INFO] File served: login-page.html
[2025-11-15 01:32:20] [INFO] File served: login-page.html
[2025-11-15 01:32:47] [INFO] File served: login-page.html
[2025-11-15 01:33:13] [INFO] File served: login-page.html
[2025-11-15 01:33:37] [INFO] File served: login-page.html
[2025-11-15 01:34:32] [INFO] File served: login-page.html
[2025-11-15 01:37:29] [WARN] File not found: api/mav-system/overview
[2025-11-15 01:37:31] [INFO] File served: source.html
[2025-11-15 01:37:44] [WARN] File not found: api/auth/validate
[2025-11-15 01:37:44] [WARN] File not found: api/mav-system/overview
[2025-11-15 01:37:46] [INFO] File served: login-page.html
[2025-11-15 01:37:46] [INFO] File served: login-page.html
[2025-11-15 01:40:21] [WARN] File not found: api/auth/validate
[2025-11-15 01:40:21] [WARN] File not found: api/mav-system/overview
[2025-11-15 01:40:23] [INFO] File served: login-page.html
[2025-11-15 01:40:24] [INFO] File served: login-page.html
[2025-11-15 01:40:25] [INFO] File served: login-page.html
[2025-11-15 01:42:12] [INFO] File served: login-page.html
[2025-11-15 01:42:13] [INFO] File served: login-page.html
[2025-11-15 01:42:16] [WARN] File not found: api/auth/validate
[2025-11-15 01:42:16] [WARN] File not found: api/mav-system/overview
[2025-11-15 01:42:19] [INFO] File served: login-page.html
[2025-11-15 01:42:20] [INFO] File served: login-page.html
[2025-11-15 01:42:20] [INFO] File served: login-page.html
[2025-11-15 01:42:20] [INFO] File served: login-page.html
[2025-11-15 01:42:20] [INFO] File served: login-page.html
[2025-11-15 01:42:21] [INFO] File served: login-page.html
[2025-11-15 01:42:21] [INFO] File served: login-page.html
[2025-11-15 01:42:34] [WARN] File not found: api/auth/validate
[2025-11-15 01:42:36] [INFO] File served: login-page.html
[2025-11-15 01:46:44] [INFO] FrontendPP v2.0.0 () built on 2025-11-15 01:46:36 UTC
[2025-11-15 01:46:44] [INFO] Verbose logging mode enabled
[2025-11-15 01:46:44] [INFO] Log file: logs/frontendpp.log
[2025-11-15 01:46:44] [INFO] ✅ Initializing AuthHandler
[2025-11-15 01:46:44] [INFO] ✅ Checking database existence
[2025-11-15 01:46:44] [INFO] Database file exists: data/auth.db
[2025-11-15 01:46:44] [INFO] ✅ Validating database integrity
[2025-11-15 01:46:44] [INFO] ✅ Database integrity validation passed
[2025-11-15 01:46:44] [INFO] ✅ AuthHandler initialization completed
[2025-11-15 01:46:44] [INFO] ✅ Validating database integrity
[2025-11-15 01:46:44] [INFO] ✅ Database integrity validation passed
[2025-11-15 01:46:46] [INFO] File served: login-page.html
[2025-11-15 01:46:50] [WARN] File not found: api/mav-system/overview
[2025-11-15 01:46:51] [WARN] File not found: api/mav-system/overview
[2025-11-15 01:47:05] [WARN] File not found: api/mav-system/overview
[2025-11-15 01:47:07] [WARN] File not found: api/mav-system/overview
[2025-11-15 01:47:20] [WARN] File not found: api/mav-system/overview
[2025-11-15 01:47:22] [WARN] File not found: api/mav-system/overview
[2025-11-15 01:47:35] [WARN] File not found: api/mav-system/overview
[2025-11-15 01:47:36] [WARN] File not found: api/mav-system/overview
[2025-11-15 01:47:50] [WARN] File not found: api/mav-system/overview
[2025-11-15 01:47:51] [WARN] File not found: api/mav-system/overview
[2025-11-15 01:48:05] [WARN] File not found: api/mav-system/overview
[2025-11-15 01:48:06] [WARN] File not found: api/mav-system/overview
[2025-11-15 01:48:47] [WARN] File not found: api/mav-system/overview
[2025-11-15 01:48:47] [WARN] File not found: api/mav-system/overview
[2025-11-15 01:48:50] [WARN] File not found: api/mav-system/overview
[2025-11-15 01:48:51] [INFO] File served: components/firmware-upgrade-section.html
[2025-11-15 01:48:51] [WARN] File not found: api/mav-system/overview
[2025-11-15 01:48:57] [INFO] File served: source.html
[2025-11-15 01:50:06] [INFO] File served: source.html
[2025-11-15 01:51:52] [INFO] File served: source.html
[2025-11-15 01:51:58] [INFO] File served: source.html
[2025-11-15 01:52:03] [INFO] File served: source.html
[2025-11-15 01:52:40] [INFO] File served: source.html
[2025-11-15 01:53:35] [INFO] File served: source.html
[2025-11-15 01:55:46] [INFO] File served: source.html
[2025-11-15 01:56:38] [INFO] File served: source.html
[2025-11-15 01:57:00] [INFO] File served: source.html
[2025-11-15 01:57:07] [INFO] File served: source.html
[2025-11-15 02:00:52] [INFO] File served: source.html
[2025-11-15 02:00:53] [INFO] File served: source.html
[2025-11-15 02:00:54] [INFO] File served: source.html
[2025-11-15 02:00:54] [INFO] File served: source.html
[2025-11-15 02:01:11] [INFO] File served: source.html
[2025-11-15 02:01:35] [INFO] File served: source.html
[2025-11-15 02:11:35] [INFO] File served: components/popup.js
[2025-11-15 02:11:35] [INFO] File served: assets/js/jwt-token-manager.js
[2025-11-15 12:07:46] [INFO] File served: login-page.html
[2025-11-15 12:07:46] [INFO] File served: components/popup.js
[2025-11-15 12:07:46] [INFO] File served: assets/js/jwt-token-manager.js
[2025-11-15 12:07:46] [INFO] File served: login-page.html
[2025-11-15 12:07:46] [INFO] File served: login-page.html
[2025-11-15 12:07:46] [INFO] File served: login-page.html
[2025-11-15 12:07:51] [INFO] File served: source.html
[2025-11-15 12:07:51] [INFO] File served: assets/js/dashboard.js
[2025-11-15 12:07:51] [INFO] File served: assets/js/system-settings-modal.js
[2025-11-15 12:07:51] [INFO] File served: assets/js/utility.js
[2025-11-15 12:07:51] [INFO] File served: components/landing-section.html
[2025-11-15 12:07:54] [INFO] File served: components/wireless-config-section.html
[2025-11-15 12:07:54] [WARN] File not found: api/wireless/status
[2025-11-15 12:07:54] [WARN] File not found: api/wireless/saved-networks-data
[2025-11-15 12:07:54] [WARN] File not found: api/wireless/available-networks-data
[2025-11-15 12:07:54] [WARN] File not found: api/wireless/status
[2025-11-15 12:07:54] [WARN] File not found: api/wireless/saved-networks-data
[2025-11-15 12:07:54] [WARN] File not found: api/wireless/available-networks-data
[2025-11-15 12:07:54] [INFO] File served: components/advance-network-section.html
[2025-11-15 12:07:55] [INFO] File served: source.html
[2025-11-15 12:07:56] [INFO] File served: components/network-priority-section.html
[2025-11-15 12:07:58] [INFO] File served: components/network-utility-section.html
[2025-11-15 12:07:58] [WARN] File not found: api/network-utility/servers/status
[2025-11-15 12:08:07] [INFO] File served: components/attached-ip-cameras-section.html
[2025-11-15 12:08:07] [WARN] File not found: api/ip-devices
[2025-11-15 12:08:08] [INFO] File served: components/mavlink-extension-section.html
[2025-11-15 12:08:09] [INFO] File served: components/license-section.html
[2025-11-15 12:08:11] [INFO] File served: components/backup-restore-section.html
[2025-11-15 13:08:27] [INFO] File served: source.html
[2025-11-15 13:08:27] [INFO] File served: assets/js/dashboard.js
[2025-11-15 13:08:27] [INFO] File served: assets/js/system-settings-modal.js
[2025-11-15 13:08:27] [INFO] File served: assets/js/utility.js
[2025-11-15 13:08:27] [INFO] File served: components/backup-restore-section.html
[2025-11-15 13:08:28] [INFO] File served: components/landing-section.html
[2025-11-15 13:12:34] [INFO] File served: source.html
[2025-11-15 13:15:32] [INFO] File served: login-page.html
[2025-11-15 13:15:32] [INFO] File served: components/popup.js
[2025-11-15 13:15:32] [INFO] File served: assets/js/jwt-token-manager.js
[2025-11-15 13:15:33] [WARN] File not found: favicon.ico
[2025-11-15 13:17:34] [INFO] File served: login-page.html
[2025-11-15 13:17:34] [INFO] File served: components/popup.js
[2025-11-15 13:17:34] [INFO] File served: assets/js/jwt-token-manager.js
[2025-11-15 13:18:51] [INFO] FrontendPP v2.0.0 () built on 2025-11-15 13:18:22 UTC
[2025-11-15 13:18:51] [INFO] Verbose logging mode enabled
[2025-11-15 13:18:51] [INFO] Log file: logs/frontendpp.log
[2025-11-15 13:18:51] [INFO] ✅ Initializing AuthHandler
[2025-11-15 13:18:51] [INFO] ✅ Checking database existence
[2025-11-15 13:18:51] [INFO] Database file exists: data/auth.db
[2025-11-15 13:18:51] [INFO] ✅ Validating database integrity
[2025-11-15 13:18:51] [INFO] ✅ Database integrity validation passed
[2025-11-15 13:18:51] [INFO] ✅ AuthHandler initialization completed
[2025-11-15 13:18:51] [INFO] ✅ Validating database integrity
[2025-11-15 13:18:51] [INFO] ✅ Database integrity validation passed
[2025-11-15 13:19:15] [INFO] FrontendPP v2.0.0 () built on 2025-11-15 13:18:22 UTC
[2025-11-15 13:19:15] [INFO] Verbose logging mode enabled
[2025-11-15 13:19:15] [INFO] Log file: logs/frontendpp.log
[2025-11-15 13:19:15] [INFO] ✅ Initializing AuthHandler
[2025-11-15 13:19:15] [INFO] ✅ Checking database existence
[2025-11-15 13:19:15] [INFO] Database file exists: data/auth.db
[2025-11-15 13:19:15] [INFO] ✅ Validating database integrity
[2025-11-15 13:19:15] [INFO] ✅ Database integrity validation passed
[2025-11-15 13:19:15] [INFO] ✅ AuthHandler initialization completed
[2025-11-15 13:19:15] [INFO] ✅ Validating database integrity
[2025-11-15 13:19:15] [INFO] ✅ Database integrity validation passed
[2025-11-15 13:19:19] [INFO] FrontendPP v2.0.0 () built on 2025-11-15 13:18:22 UTC
[2025-11-15 13:19:19] [INFO] Verbose logging mode enabled
[2025-11-15 13:19:19] [INFO] Log file: logs/frontendpp.log
[2025-11-15 13:19:19] [INFO] ✅ Initializing AuthHandler
[2025-11-15 13:19:19] [INFO] ✅ Checking database existence
[2025-11-15 13:19:19] [INFO] Database file exists: data/auth.db
[2025-11-15 13:19:19] [INFO] ✅ Validating database integrity
[2025-11-15 13:19:19] [INFO] ✅ Database integrity validation passed
[2025-11-15 13:19:19] [INFO] ✅ AuthHandler initialization completed
[2025-11-15 13:19:19] [INFO] ✅ Validating database integrity
[2025-11-15 13:19:19] [INFO] ✅ Database integrity validation passed
[2025-11-15 13:19:27] [INFO] File served: login-page.html
[2025-11-15 13:21:32] [INFO] FrontendPP v2.0.0 () built on 2025-11-15 13:21:05 UTC
[2025-11-15 13:21:32] [INFO] Verbose logging mode enabled
[2025-11-15 13:21:32] [INFO] Log file: logs/frontendpp.log
[2025-11-15 13:21:32] [INFO] ✅ Initializing AuthHandler
[2025-11-15 13:21:32] [INFO] ✅ Checking database existence
[2025-11-15 13:21:32] [INFO] Database file exists: data/auth.db
[2025-11-15 13:21:32] [INFO] ✅ Validating database integrity
[2025-11-15 13:21:32] [INFO] ✅ Database integrity validation passed
[2025-11-15 13:21:32] [INFO] ✅ AuthHandler initialization completed
[2025-11-15 13:21:32] [INFO] ✅ Validating database integrity
[2025-11-15 13:21:32] [INFO] ✅ Database integrity validation passed
[2025-11-15 13:23:58] [INFO] FrontendPP v2.0.0 () built on 2025-11-15 13:21:05 UTC
[2025-11-15 13:23:58] [INFO] Verbose logging mode enabled
[2025-11-15 13:23:58] [INFO] Log file: logs/frontendpp.log
[2025-11-15 13:23:58] [INFO] ✅ Initializing AuthHandler
[2025-11-15 13:23:58] [INFO] ✅ Checking database existence
[2025-11-15 13:23:58] [INFO] Database file exists: data/auth.db
[2025-11-15 13:23:58] [INFO] ✅ Validating database integrity
[2025-11-15 13:23:58] [INFO] ✅ Database integrity validation passed
[2025-11-15 13:23:58] [INFO] ✅ AuthHandler initialization completed
[2025-11-15 13:23:58] [INFO] ✅ Validating database integrity
[2025-11-15 13:23:58] [INFO] ✅ Database integrity validation passed
[2025-11-15 13:24:01] [INFO] File served: source.html
[2025-11-15 13:24:05] [INFO] File served: login-page.html
[2025-11-15 13:24:32] [INFO] File served: login-page.html
[2025-11-15 13:24:32] [INFO] File served: components/popup.js
[2025-11-15 13:24:32] [INFO] File served: assets/js/jwt-token-manager.js
[2025-11-15 13:24:37] [INFO] File served: source.html
[2025-11-15 13:24:37] [INFO] File served: assets/js/dashboard.js
[2025-11-15 13:24:37] [INFO] File served: assets/js/system-settings-modal.js
[2025-11-15 13:24:37] [INFO] File served: assets/js/utility.js
[2025-11-15 13:24:37] [INFO] File served: components/landing-section.html
[2025-11-15 13:26:23] [INFO] File served: source.html
[2025-11-15 13:26:41] [INFO] File served: source.html
[2025-11-15 13:27:39] [INFO] File served: components/mavlink-extension-section.html
[2025-11-15 13:27:41] [INFO] File served: components/attached-ip-cameras-section.html
[2025-11-15 13:27:41] [WARN] File not found: api/ip-devices
[2025-11-15 13:34:18] [INFO] File served: source.html
[2025-11-15 13:38:35] [INFO] File served: source.html
[2025-11-15 13:40:04] [INFO] File served: source.html
[2025-11-15 13:41:38] [INFO] File served: source.html
[2025-11-15 13:42:32] [INFO] File served: source.html
[2025-11-15 13:42:38] [INFO] File served: source.html
[2025-11-15 13:43:14] [INFO] File served: source.html
[2025-11-15 13:43:19] [INFO] File served: source.html
[2025-11-15 13:43:45] [INFO] File served: source.html
[2025-11-15 13:43:54] [INFO] File served: source.html
[2025-11-15 15:44:32] [INFO] File served: components/license-section.html
[2025-11-15 15:44:33] [INFO] File served: components/firmware-upgrade-section.html
[2025-11-15 15:44:37] [INFO] File served: components/network-priority-section.html
[2025-11-15 15:44:42] [INFO] File served: components/network-utility-section.html
[2025-11-15 15:44:42] [WARN] File not found: api/network-utility/servers/status
[2025-11-15 15:44:47] [INFO] File served: components/cellular-config-section.html
[2025-11-15 15:44:47] [WARN] File not found: api/cellular/status
[2025-11-15 15:44:47] [WARN] File not found: api/cellular/config
[2025-11-15 15:44:47] [WARN] File not found: api/cellular/status
[2025-11-15 15:44:47] [WARN] File not found: api/cellular/config
[2025-11-15 15:45:00] [INFO] File served: components/wired-config-section.html
[2025-11-15 15:45:00] [WARN] File not found: api/network/wired/status
[2025-11-15 15:45:00] [WARN] File not found: api/network/wired/configure
[2025-11-15 15:45:00] [WARN] File not found: api/network/wired/profiles
[2025-11-15 15:45:00] [WARN] File not found: api/network/wired/advanced
[2025-11-15 15:45:00] [WARN] File not found: api/network/wired/status
[2025-11-15 15:45:00] [WARN] File not found: api/network/wired/advanced
[2025-11-15 15:45:00] [WARN] File not found: api/network/wired/profiles
[2025-11-15 15:45:00] [WARN] File not found: api/network/wired/configure
[2025-11-15 15:45:17] [WARN] File not found: api/cellular/status
[2025-11-15 15:45:17] [WARN] File not found: api/cellular/status
[2025-11-15 15:45:47] [WARN] File not found: api/cellular/status
[2025-11-15 15:45:47] [WARN] File not found: api/cellular/status
[2025-11-15 15:46:17] [WARN] File not found: api/cellular/status
[2025-11-15 15:46:17] [WARN] File not found: api/cellular/status
[2025-11-15 15:46:47] [WARN] File not found: api/cellular/status
[2025-11-15 15:46:47] [WARN] File not found: api/cellular/status
[2025-11-15 15:47:17] [WARN] File not found: api/cellular/status
[2025-11-15 15:47:17] [WARN] File not found: api/cellular/status
[2025-11-15 15:47:47] [WARN] File not found: api/cellular/status
[2025-11-15 15:47:47] [WARN] File not found: api/cellular/status
[2025-11-15 15:48:17] [WARN] File not found: api/cellular/status
[2025-11-15 15:48:17] [WARN] File not found: api/cellular/status
[2025-11-15 15:48:47] [WARN] File not found: api/cellular/status
[2025-11-15 15:48:47] [WARN] File not found: api/cellular/status
[2025-11-15 15:49:17] [WARN] File not found: api/cellular/status
[2025-11-15 15:49:17] [WARN] File not found: api/cellular/status
[2025-11-15 15:49:47] [WARN] File not found: api/cellular/status
[2025-11-15 15:49:47] [WARN] File not found: api/cellular/status
[2025-11-15 15:50:17] [WARN] File not found: api/cellular/status
[2025-11-15 15:50:17] [WARN] File not found: api/cellular/status
[2025-11-15 15:50:47] [WARN] File not found: api/cellular/status
[2025-11-15 15:50:47] [WARN] File not found: api/cellular/status
[2025-11-15 15:51:17] [WARN] File not found: api/cellular/status
[2025-11-15 15:51:17] [WARN] File not found: api/cellular/status
[2025-11-15 15:51:47] [WARN] File not found: api/cellular/status
[2025-11-15 15:51:47] [WARN] File not found: api/cellular/status
[2025-11-15 15:52:17] [WARN] File not found: api/cellular/status
[2025-11-15 15:52:17] [WARN] File not found: api/cellular/status
[2025-11-15 15:52:47] [WARN] File not found: api/cellular/status
[2025-11-15 15:52:47] [WARN] File not found: api/cellular/status
[2025-11-15 15:53:17] [WARN] File not found: api/cellular/status
[2025-11-15 15:53:17] [WARN] File not found: api/cellular/status
[2025-11-15 15:53:47] [WARN] File not found: api/cellular/status
[2025-11-15 15:53:47] [WARN] File not found: api/cellular/status
[2025-11-15 15:54:17] [WARN] File not found: api/cellular/status
[2025-11-15 15:54:17] [WARN] File not found: api/cellular/status
[2025-11-15 15:54:47] [WARN] File not found: api/cellular/status
[2025-11-15 15:54:47] [WARN] File not found: api/cellular/status
[2025-11-15 15:55:17] [WARN] File not found: api/cellular/status
[2025-11-15 15:55:17] [WARN] File not found: api/cellular/status
[2025-11-15 15:55:47] [WARN] File not found: api/cellular/status
[2025-11-15 15:55:47] [WARN] File not found: api/cellular/status
[2025-11-15 15:56:17] [WARN] File not found: api/cellular/status
[2025-11-15 15:56:17] [WARN] File not found: api/cellular/status
[2025-11-15 15:56:47] [WARN] File not found: api/cellular/status
[2025-11-15 15:56:47] [WARN] File not found: api/cellular/status
[2025-11-15 15:57:17] [WARN] File not found: api/cellular/status
[2025-11-15 15:57:17] [WARN] File not found: api/cellular/status
[2025-11-15 15:57:47] [WARN] File not found: api/cellular/status
[2025-11-15 15:57:47] [WARN] File not found: api/cellular/status
[2025-11-15 15:58:17] [WARN] File not found: api/cellular/status
[2025-11-15 15:58:17] [WARN] File not found: api/cellular/status
[2025-11-15 15:58:47] [WARN] File not found: api/cellular/status
[2025-11-15 15:58:47] [WARN] File not found: api/cellular/status
[2025-11-15 15:59:17] [WARN] File not found: api/cellular/status
[2025-11-15 15:59:17] [WARN] File not found: api/cellular/status
[2025-11-15 15:59:47] [WARN] File not found: api/cellular/status
[2025-11-15 15:59:47] [WARN] File not found: api/cellular/status
[2025-11-15 16:00:17] [WARN] File not found: api/cellular/status
[2025-11-15 16:00:17] [WARN] File not found: api/cellular/status
[2025-11-15 16:00:47] [WARN] File not found: api/cellular/status
[2025-11-15 16:00:47] [WARN] File not found: api/cellular/status
[2025-11-15 16:01:17] [WARN] File not found: api/cellular/status
[2025-11-15 16:01:17] [WARN] File not found: api/cellular/status
[2025-11-15 16:01:47] [WARN] File not found: api/cellular/status
[2025-11-15 16:01:47] [WARN] File not found: api/cellular/status
[2025-11-15 16:02:17] [WARN] File not found: api/cellular/status
[2025-11-15 16:02:17] [WARN] File not found: api/cellular/status
[2025-11-15 16:02:47] [WARN] File not found: api/cellular/status
[2025-11-15 16:02:47] [WARN] File not found: api/cellular/status
[2025-11-15 16:03:17] [WARN] File not found: api/cellular/status
[2025-11-15 16:03:17] [WARN] File not found: api/cellular/status
[2025-11-15 16:03:47] [WARN] File not found: api/cellular/status
[2025-11-15 16:03:47] [WARN] File not found: api/cellular/status
[2025-11-15 16:04:17] [WARN] File not found: api/cellular/status
[2025-11-15 16:04:17] [WARN] File not found: api/cellular/status
[2025-11-15 16:04:47] [WARN] File not found: api/cellular/status
[2025-11-15 16:04:47] [WARN] File not found: api/cellular/status
[2025-11-15 16:05:17] [WARN] File not found: api/cellular/status
[2025-11-15 16:05:17] [WARN] File not found: api/cellular/status
[2025-11-15 16:05:47] [WARN] File not found: api/cellular/status
[2025-11-15 16:05:47] [WARN] File not found: api/cellular/status
[2025-11-15 16:06:17] [WARN] File not found: api/cellular/status
[2025-11-15 16:06:17] [WARN] File not found: api/cellular/status
[2025-11-15 16:06:47] [WARN] File not found: api/cellular/status
[2025-11-15 16:06:47] [WARN] File not found: api/cellular/status
[2025-11-15 16:07:17] [WARN] File not found: api/cellular/status
[2025-11-15 16:07:17] [WARN] File not found: api/cellular/status
[2025-11-15 16:07:47] [WARN] File not found: api/cellular/status
[2025-11-15 16:07:47] [WARN] File not found: api/cellular/status
[2025-11-15 16:08:17] [WARN] File not found: api/cellular/status
[2025-11-15 16:08:17] [WARN] File not found: api/cellular/status
[2025-11-15 16:08:47] [WARN] File not found: api/cellular/status
[2025-11-15 16:08:47] [WARN] File not found: api/cellular/status
[2025-11-15 16:09:17] [WARN] File not found: api/cellular/status
[2025-11-15 16:09:17] [WARN] File not found: api/cellular/status
[2025-11-15 16:09:47] [WARN] File not found: api/cellular/status
[2025-11-15 16:09:47] [WARN] File not found: api/cellular/status
[2025-11-15 16:10:17] [WARN] File not found: api/cellular/status
[2025-11-15 16:10:17] [WARN] File not found: api/cellular/status
[2025-11-15 16:10:47] [WARN] File not found: api/cellular/status
[2025-11-15 16:10:47] [WARN] File not found: api/cellular/status
[2025-11-15 16:11:17] [WARN] File not found: api/cellular/status
[2025-11-15 16:11:17] [WARN] File not found: api/cellular/status
[2025-11-15 16:11:47] [WARN] File not found: api/cellular/status
[2025-11-15 16:11:47] [WARN] File not found: api/cellular/status
[2025-11-15 16:12:17] [WARN] File not found: api/cellular/status
[2025-11-15 16:12:17] [WARN] File not found: api/cellular/status
[2025-11-15 16:12:47] [WARN] File not found: api/cellular/status
[2025-11-15 16:12:47] [WARN] File not found: api/cellular/status
[2025-11-15 16:13:17] [WARN] File not found: api/cellular/status
[2025-11-15 16:13:17] [WARN] File not found: api/cellular/status
[2025-11-15 16:13:47] [WARN] File not found: api/cellular/status
[2025-11-15 16:13:47] [WARN] File not found: api/cellular/status
[2025-11-15 16:14:17] [WARN] File not found: api/cellular/status
[2025-11-15 16:14:17] [WARN] File not found: api/cellular/status
[2025-11-15 16:14:47] [WARN] File not found: api/cellular/status
[2025-11-15 16:14:47] [WARN] File not found: api/cellular/status
[2025-11-15 16:15:17] [WARN] File not found: api/cellular/status
[2025-11-15 16:15:17] [WARN] File not found: api/cellular/status
[2025-11-15 16:15:47] [WARN] File not found: api/cellular/status
[2025-11-15 16:15:47] [WARN] File not found: api/cellular/status
[2025-11-15 16:16:17] [WARN] File not found: api/cellular/status
[2025-11-15 16:16:17] [WARN] File not found: api/cellular/status
[2025-11-15 16:16:47] [WARN] File not found: api/cellular/status
[2025-11-15 16:16:47] [WARN] File not found: api/cellular/status
[2025-11-15 16:17:17] [WARN] File not found: api/cellular/status
[2025-11-15 16:17:17] [WARN] File not found: api/cellular/status
[2025-11-15 16:17:47] [WARN] File not found: api/cellular/status
[2025-11-15 16:17:47] [WARN] File not found: api/cellular/status
[2025-11-15 16:18:17] [WARN] File not found: api/cellular/status
[2025-11-15 16:18:17] [WARN] File not found: api/cellular/status
[2025-11-15 16:18:47] [WARN] File not found: api/cellular/status
[2025-11-15 16:18:47] [WARN] File not found: api/cellular/status
[2025-11-15 16:19:17] [WARN] File not found: api/cellular/status
[2025-11-15 16:19:17] [WARN] File not found: api/cellular/status
[2025-11-15 16:19:47] [WARN] File not found: api/cellular/status
[2025-11-15 16:19:47] [WARN] File not found: api/cellular/status
[2025-11-15 16:20:17] [WARN] File not found: api/cellular/status
[2025-11-15 16:20:17] [WARN] File not found: api/cellular/status
[2025-11-15 16:20:47] [WARN] File not found: api/cellular/status
[2025-11-15 16:20:47] [WARN] File not found: api/cellular/status
[2025-11-15 16:21:17] [WARN] File not found: api/cellular/status
[2025-11-15 16:21:17] [WARN] File not found: api/cellular/status
[2025-11-15 16:21:47] [WARN] File not found: api/cellular/status
[2025-11-15 16:21:47] [WARN] File not found: api/cellular/status
[2025-11-15 16:22:17] [WARN] File not found: api/cellular/status
[2025-11-15 16:22:17] [WARN] File not found: api/cellular/status
[2025-11-15 16:22:47] [WARN] File not found: api/cellular/status
[2025-11-15 16:22:47] [WARN] File not found: api/cellular/status
[2025-11-15 16:23:17] [WARN] File not found: api/cellular/status
[2025-11-15 16:23:17] [WARN] File not found: api/cellular/status
[2025-11-15 16:23:47] [WARN] File not found: api/cellular/status
[2025-11-15 16:23:47] [WARN] File not found: api/cellular/status
[2025-11-15 16:24:17] [WARN] File not found: api/cellular/status
[2025-11-15 16:24:17] [WARN] File not found: api/cellular/status
[2025-11-15 16:24:47] [WARN] File not found: api/cellular/status
[2025-11-15 16:24:47] [WARN] File not found: api/cellular/status
[2025-11-15 16:25:17] [WARN] File not found: api/cellular/status
[2025-11-15 16:25:17] [WARN] File not found: api/cellular/status
[2025-11-15 16:25:47] [WARN] File not found: api/cellular/status
[2025-11-15 16:25:47] [WARN] File not found: api/cellular/status
[2025-11-15 16:26:17] [WARN] File not found: api/cellular/status
[2025-11-15 16:26:17] [WARN] File not found: api/cellular/status
[2025-11-15 16:26:47] [WARN] File not found: api/cellular/status
[2025-11-15 16:26:47] [WARN] File not found: api/cellular/status
[2025-11-15 16:27:17] [WARN] File not found: api/cellular/status
[2025-11-15 16:27:17] [WARN] File not found: api/cellular/status
[2025-11-15 16:27:47] [WARN] File not found: api/cellular/status
[2025-11-15 16:27:47] [WARN] File not found: api/cellular/status
[2025-11-15 16:28:17] [WARN] File not found: api/cellular/status
[2025-11-15 16:28:17] [WARN] File not found: api/cellular/status
[2025-11-15 16:28:47] [WARN] File not found: api/cellular/status
[2025-11-15 16:28:47] [WARN] File not found: api/cellular/status
[2025-11-15 16:29:17] [WARN] File not found: api/cellular/status
[2025-11-15 16:29:17] [WARN] File not found: api/cellular/status
[2025-11-15 16:29:47] [WARN] File not found: api/cellular/status
[2025-11-15 16:29:47] [WARN] File not found: api/cellular/status
[2025-11-15 16:30:17] [WARN] File not found: api/cellular/status
[2025-11-15 16:30:17] [WARN] File not found: api/cellular/status
[2025-11-15 16:30:47] [WARN] File not found: api/cellular/status
[2025-11-15 16:30:47] [WARN] File not found: api/cellular/status
[2025-11-15 16:31:17] [WARN] File not found: api/cellular/status
[2025-11-15 16:31:17] [WARN] File not found: api/cellular/status
[2025-11-15 16:31:47] [WARN] File not found: api/cellular/status
[2025-11-15 16:31:47] [WARN] File not found: api/cellular/status
[2025-11-15 16:32:17] [WARN] File not found: api/cellular/status
[2025-11-15 16:32:17] [WARN] File not found: api/cellular/status
[2025-11-15 16:32:47] [WARN] File not found: api/cellular/status
[2025-11-15 16:32:47] [WARN] File not found: api/cellular/status
[2025-11-15 16:33:17] [WARN] File not found: api/cellular/status
[2025-11-15 16:33:17] [WARN] File not found: api/cellular/status
[2025-11-15 16:33:47] [WARN] File not found: api/cellular/status
[2025-11-15 16:33:47] [WARN] File not found: api/cellular/status
[2025-11-15 16:34:17] [WARN] File not found: api/cellular/status
[2025-11-15 16:34:17] [WARN] File not found: api/cellular/status
[2025-11-15 16:34:47] [WARN] File not found: api/cellular/status
[2025-11-15 16:34:47] [WARN] File not found: api/cellular/status
[2025-11-15 16:35:17] [WARN] File not found: api/cellular/status
[2025-11-15 16:35:17] [WARN] File not found: api/cellular/status
[2025-11-15 16:35:47] [WARN] File not found: api/cellular/status
[2025-11-15 16:35:47] [WARN] File not found: api/cellular/status
[2025-11-15 16:36:17] [WARN] File not found: api/cellular/status
[2025-11-15 16:36:17] [WARN] File not found: api/cellular/status
[2025-11-15 16:36:47] [WARN] File not found: api/cellular/status
[2025-11-15 16:36:47] [WARN] File not found: api/cellular/status
[2025-11-15 16:37:17] [WARN] File not found: api/cellular/status
[2025-11-15 16:37:17] [WARN] File not found: api/cellular/status
[2025-11-15 16:37:47] [WARN] File not found: api/cellular/status
[2025-11-15 16:37:47] [WARN] File not found: api/cellular/status
[2025-11-15 16:38:17] [WARN] File not found: api/cellular/status
[2025-11-15 16:38:17] [WARN] File not found: api/cellular/status
[2025-11-15 16:38:19] [INFO] File served: source.html
[2025-11-15 16:38:19] [INFO] File served: assets/js/dashboard.js
[2025-11-15 16:38:19] [INFO] File served: assets/js/jwt-token-manager.js
[2025-11-15 16:38:19] [INFO] File served: assets/js/utility.js
[2025-11-15 16:38:20] [INFO] File served: login-page.html
[2025-11-15 16:38:20] [INFO] File served: components/popup.js
[2025-11-15 16:38:27] [WARN] File not found: api/network/wired/status
[2025-11-15 16:38:27] [WARN] File not found: api/network/wired/configure
[2025-11-15 16:38:27] [WARN] File not found: api/network/wired/status
[2025-11-15 16:38:27] [WARN] File not found: api/network/wired/profiles
[2025-11-15 16:38:27] [WARN] File not found: api/network/wired/advanced
[2025-11-15 16:38:27] [WARN] File not found: api/network/wired/configure
[2025-11-15 16:38:27] [WARN] File not found: api/network/wired/profiles
[2025-11-15 16:38:27] [WARN] File not found: api/network/wired/advanced
[2025-11-15 16:38:28] [WARN] File not found: api/network/wired/status
[2025-11-15 16:38:28] [WARN] File not found: api/network/wired/configure
[2025-11-15 16:38:28] [WARN] File not found: api/network/wired/advanced
[2025-11-15 16:38:28] [WARN] File not found: api/network/wired/profiles
[2025-11-15 16:38:28] [WARN] File not found: api/network/wired/configure
[2025-11-15 16:38:28] [WARN] File not found: api/network/wired/status
[2025-11-15 16:38:28] [WARN] File not found: api/network/wired/profiles
[2025-11-15 16:38:28] [WARN] File not found: api/network/wired/configure
[2025-11-15 16:38:28] [WARN] File not found: api/network/wired/status
[2025-11-15 16:38:28] [WARN] File not found: api/network/wired/profiles
[2025-11-15 16:38:28] [WARN] File not found: api/network/wired/advanced
[2025-11-15 16:38:28] [WARN] File not found: api/network/wired/advanced
[2025-11-15 16:38:53] [INFO] File served: components/landing-section.html
[2025-11-15 16:47:30] [INFO] FrontendPP v2.0.0 () built on 2025-11-15 13:21:05 UTC
[2025-11-15 16:47:30] [INFO] Verbose logging mode enabled
[2025-11-15 16:47:30] [INFO] Log file: logs/frontendpp.log
[2025-11-15 16:47:30] [INFO] ✅ Initializing AuthHandler
[2025-11-15 16:47:30] [INFO] ✅ Checking database existence
[2025-11-15 16:47:30] [INFO] Database file exists: data/auth.db
[2025-11-15 16:47:30] [INFO] ✅ Validating database integrity
[2025-11-15 16:47:30] [INFO] ✅ Database integrity validation passed
[2025-11-15 16:47:30] [INFO] ✅ AuthHandler initialization completed
[2025-11-15 16:47:30] [INFO] ✅ Validating database integrity
[2025-11-15 16:47:30] [INFO] ✅ Database integrity validation passed
[2025-11-15 16:47:50] [INFO] File served: components/advance-network-section.html
[2025-11-15 16:50:16] [INFO] File served: source.html
[2025-11-15 16:52:25] [INFO] File served: source.html
[2025-11-15 16:57:03] [INFO] File served: source.html
[2025-11-15 16:57:42] [INFO] File served: source.html
[2025-11-15 16:58:23] [INFO] File served: source.html
[2025-11-15 16:58:44] [INFO] File served: source.html
[2025-11-15 17:01:28] [INFO] File served: source.html
[2025-11-15 17:02:25] [INFO] File served: source.html
[2025-11-15 17:03:06] [INFO] File served: source.html
[2025-11-15 17:03:41] [INFO] File served: components/vpn-configuration-section.html
[2025-11-15 17:03:43] [INFO] File served: components/wired-config-section.html
[2025-11-15 17:03:43] [WARN] File not found: api/network/wired/status
[2025-11-15 17:03:43] [WARN] File not found: api/network/wired/configure
[2025-11-15 17:03:43] [WARN] File not found: api/network/wired/profiles
[2025-11-15 17:03:43] [WARN] File not found: api/network/wired/advanced
[2025-11-15 17:03:43] [WARN] File not found: api/network/wired/status
[2025-11-15 17:03:43] [WARN] File not found: api/network/wired/configure
[2025-11-15 17:03:43] [WARN] File not found: api/network/wired/profiles
[2025-11-15 17:03:43] [WARN] File not found: api/network/wired/advanced
[2025-11-15 17:03:47] [INFO] File served: source.html
[2025-11-15 17:03:51] [WARN] File not found: api/network/wired/status
[2025-11-15 17:03:51] [WARN] File not found: api/network/wired/configure
[2025-11-15 17:03:51] [WARN] File not found: api/network/wired/advanced
[2025-11-15 17:03:51] [WARN] File not found: api/network/wired/profiles
[2025-11-15 17:03:51] [WARN] File not found: api/network/wired/status
[2025-11-15 17:03:51] [WARN] File not found: api/network/wired/configure
[2025-11-15 17:03:51] [WARN] File not found: api/network/wired/profiles
[2025-11-15 17:03:51] [WARN] File not found: api/network/wired/advanced
[2025-11-15 17:03:53] [WARN] File not found: api/network/wired/status
[2025-11-15 17:03:53] [WARN] File not found: api/network/wired/configure
[2025-11-15 17:03:53] [WARN] File not found: api/network/wired/profiles
[2025-11-15 17:03:53] [WARN] File not found: api/network/wired/advanced
[2025-11-15 17:03:53] [WARN] File not found: api/network/wired/status
[2025-11-15 17:03:53] [WARN] File not found: api/network/wired/configure
[2025-11-15 17:03:53] [WARN] File not found: api/network/wired/profiles
[2025-11-15 17:03:53] [WARN] File not found: api/network/wired/advanced
[2025-11-15 17:03:53] [WARN] File not found: api/network/wired/status
[2025-11-15 17:03:53] [WARN] File not found: api/network/wired/configure
[2025-11-15 17:03:53] [WARN] File not found: api/network/wired/profiles
[2025-11-15 17:03:53] [WARN] File not found: api/network/wired/advanced
[2025-11-15 17:03:56] [INFO] File served: source.html
[2025-11-15 17:05:24] [INFO] File served: source.html
[2025-11-15 17:07:52] [INFO] File served: source.html
[2025-11-15 17:08:37] [INFO] FrontendPP v2.0.0 () built on 2025-11-15 13:21:05 UTC
[2025-11-15 17:08:37] [INFO] Verbose logging mode enabled
[2025-11-15 17:08:37] [INFO] Log file: logs/frontendpp.log
[2025-11-15 17:08:37] [INFO] ✅ Initializing AuthHandler
[2025-11-15 17:08:37] [INFO] ✅ Checking database existence
[2025-11-15 17:08:37] [INFO] Database file exists: data/auth.db
[2025-11-15 17:08:37] [INFO] ✅ Validating database integrity
[2025-11-15 17:08:37] [INFO] ✅ Database integrity validation passed
[2025-11-15 17:08:37] [INFO] ✅ AuthHandler initialization completed
[2025-11-15 17:08:37] [INFO] ✅ Validating database integrity
[2025-11-15 17:08:37] [INFO] ✅ Database integrity validation passed
[2025-11-15 17:08:46] [INFO] File served: source.html
[2025-11-15 17:09:07] [INFO] File served: assets/js/dashboard/main.js
[2025-11-15 17:10:16] [INFO] File served: assets/js/dashboard/dashboard-websocket.js
[2025-11-15 17:10:35] [INFO] File served: source.html
[2025-11-15 17:10:45] [INFO] File served: components/landing-section.html
[2025-11-15 17:11:27] [INFO] File served: source.html
[2025-11-15 17:13:08] [INFO] File served: source.html
[2025-11-15 17:13:34] [WARN] File not found: api/auth/refresh
[2025-11-15 17:13:34] [WARN] File not found: favicon.ico
[2025-11-15 17:16:46] [INFO] FrontendPP v2.0.0 () built on 2025-11-15 13:21:05 UTC
[2025-11-15 17:16:46] [INFO] Verbose logging mode enabled
[2025-11-15 17:16:46] [INFO] Log file: logs/frontendpp.log
[2025-11-15 17:16:46] [INFO] ✅ Initializing AuthHandler
[2025-11-15 17:16:46] [INFO] ✅ Checking database existence
[2025-11-15 17:16:46] [INFO] Database file exists: data/auth.db
[2025-11-15 17:16:46] [INFO] ✅ Validating database integrity
[2025-11-15 17:16:46] [INFO] ✅ Database integrity validation passed
[2025-11-15 17:16:46] [INFO] ✅ AuthHandler initialization completed
[2025-11-15 17:16:46] [INFO] ✅ Validating database integrity
[2025-11-15 17:16:46] [INFO] ✅ Database integrity validation passed
[2025-11-15 17:16:56] [INFO] File served: source.html
[2025-11-15 17:17:17] [INFO] File served: components/wireless-config-section.html
[2025-11-15 17:17:17] [WARN] File not found: api/wireless/status
[2025-11-15 17:17:17] [WARN] File not found: api/wireless/saved-networks-data
[2025-11-15 17:17:17] [WARN] File not found: api/wireless/available-networks-data
[2025-11-15 17:17:17] [WARN] File not found: api/wireless/status
[2025-11-15 17:17:17] [WARN] File not found: api/wireless/saved-networks-data
[2025-11-15 17:17:17] [WARN] File not found: api/wireless/available-networks-data
[2025-11-15 17:17:23] [INFO] File served: source.html
[2025-11-15 17:18:09] [INFO] FrontendPP v2.0.0 () built on 2025-11-15 13:21:05 UTC
[2025-11-15 17:18:09] [INFO] Verbose logging mode enabled
[2025-11-15 17:18:09] [INFO] Log file: logs/frontendpp.log
[2025-11-15 17:18:09] [INFO] ✅ Initializing AuthHandler
[2025-11-15 17:18:09] [INFO] ✅ Checking database existence
[2025-11-15 17:18:09] [INFO] Database file exists: data/auth.db
[2025-11-15 17:18:09] [INFO] ✅ Validating database integrity
[2025-11-15 17:18:09] [INFO] ✅ Database integrity validation passed
[2025-11-15 17:18:09] [INFO] ✅ AuthHandler initialization completed
[2025-11-15 17:18:09] [INFO] ✅ Validating database integrity
[2025-11-15 17:18:09] [INFO] ✅ Database integrity validation passed
[2025-11-15 17:18:11] [INFO] File served: login-page.html
[2025-11-15 17:18:11] [INFO] File served: components/popup.js
[2025-11-15 17:18:11] [INFO] File served: assets/js/jwt-token-manager.js
[2025-11-15 17:18:12] [WARN] File not found: favicon.ico
[2025-11-15 17:18:20] [INFO] File served: source.html
[2025-11-15 17:18:20] [INFO] File served: assets/js/dashboard.js
[2025-11-15 17:18:20] [INFO] File served: assets/js/utility.js
[2025-11-15 17:18:21] [INFO] File served: components/landing-section.html
[2025-11-15 17:18:37] [INFO] File served: source.html
[2025-11-15 17:19:52] [INFO] File served: assets/js/jwt-token-manager.js
[2025-11-15 17:20:16] [INFO] File served: login-page.html
[2025-11-15 17:20:16] [INFO] File served: components/popup.js
[2025-11-15 17:20:16] [INFO] File served: assets/js/jwt-token-manager.js
[2025-11-15 17:20:26] [INFO] File served: source.html
[2025-11-15 17:20:26] [INFO] File served: assets/js/dashboard.js
[2025-11-15 17:20:26] [INFO] File served: assets/js/utility.js
[2025-11-15 17:20:26] [INFO] File served: components/landing-section.html
[2025-11-15 17:21:20] [INFO] File served: source.html
[2025-11-15 17:25:14] [INFO] File served: source.html
[2025-11-15 17:27:11] [INFO] File served: source.html
[2025-11-15 17:29:56] [INFO] File served: source.html
[2025-11-15 17:33:51] [INFO] File served: source.html
[2025-11-15 17:34:13] [INFO] File served: source.html
[2025-11-15 17:36:19] [INFO] File served: source.html
[2025-11-15 17:36:25] [INFO] File served: source.html
[2025-11-15 17:36:53] [INFO] File served: source.html
[2025-11-15 17:36:54] [INFO] File served: source.html
[2025-11-15 17:36:55] [INFO] File served: source.html
[2025-11-15 17:36:56] [INFO] File served: source.html
[2025-11-15 17:38:54] [INFO] File served: source.html
[2025-11-15 17:41:49] [INFO] File served: source.html
[2025-11-15 17:42:12] [INFO] File served: login-page.html
[2025-11-15 17:42:12] [INFO] File served: components/popup.js
[2025-11-15 17:42:12] [INFO] File served: assets/js/jwt-token-manager.js
[2025-11-15 17:42:19] [INFO] File served: source.html
[2025-11-15 17:42:19] [INFO] File served: components/landing-section.html
[2025-11-15 17:44:04] [INFO] File served: source.html
[2025-11-15 17:44:28] [INFO] File served: source.html
[2025-11-15 17:48:43] [INFO] File served: source.html
[2025-11-15 17:49:53] [INFO] File served: source.html
[2025-11-15 17:51:13] [INFO] File served: source.html
[2025-11-15 18:47:02] [INFO] File served: components/landing-section.html
[2025-11-15 18:52:42] [INFO] File served: source.html
[2025-11-15 18:52:42] [INFO] File served: login-page.html
[2025-11-15 18:52:42] [INFO] File served: components/popup.js
[2025-11-15 18:52:42] [INFO] File served: assets/js/jwt-token-manager.js
[2025-11-15 18:55:26] [INFO] File served: source.html
[2025-11-15 18:59:31] [INFO] File served: source.html
[2025-11-15 18:59:45] [INFO] File served: source.html
[2025-11-15 18:59:53] [INFO] File served: source.html
[2025-11-15 19:00:13] [INFO] File served: components/mavlink-extension-section.html
[2025-11-15 19:00:24] [INFO] File served: components/wired-config-section.html
[2025-11-15 19:00:24] [WARN] File not found: api/network/wired/status
[2025-11-15 19:00:24] [WARN] File not found: api/network/wired/configure
[2025-11-15 19:00:24] [WARN] File not found: api/network/wired/profiles
[2025-11-15 19:00:24] [WARN] File not found: api/network/wired/configure
[2025-11-15 19:00:24] [WARN] File not found: api/network/wired/advanced
[2025-11-15 19:00:24] [WARN] File not found: api/network/wired/status
[2025-11-15 19:00:24] [WARN] File not found: api/network/wired/profiles
[2025-11-15 19:00:24] [WARN] File not found: api/network/wired/advanced
[2025-11-15 19:00:25] [WARN] File not found: api/network/wired/status
[2025-11-15 19:00:25] [WARN] File not found: api/network/wired/configure
[2025-11-15 19:00:25] [WARN] File not found: api/network/wired/advanced
[2025-11-15 19:00:25] [WARN] File not found: api/network/wired/profiles
[2025-11-15 19:00:25] [WARN] File not found: api/network/wired/status
[2025-11-15 19:00:25] [WARN] File not found: api/network/wired/configure
[2025-11-15 19:00:25] [WARN] File not found: api/network/wired/profiles
[2025-11-15 19:00:25] [WARN] File not found: api/network/wired/advanced
[2025-11-15 19:01:43] [INFO] File served: source.html
[2025-11-15 19:01:47] [WARN] File not found: api/network/wired/status
[2025-11-15 19:01:47] [WARN] File not found: api/network/wired/configure
[2025-11-15 19:01:47] [WARN] File not found: api/network/wired/advanced
[2025-11-15 19:01:47] [WARN] File not found: api/network/wired/profiles
[2025-11-15 19:01:47] [WARN] File not found: api/network/wired/status
[2025-11-15 19:01:47] [WARN] File not found: api/network/wired/configure
[2025-11-15 19:01:47] [WARN] File not found: api/network/wired/profiles
[2025-11-15 19:01:47] [WARN] File not found: api/network/wired/advanced
[2025-11-15 19:01:49] [WARN] File not found: api/network/wired/status
[2025-11-15 19:01:49] [WARN] File not found: api/network/wired/configure
[2025-11-15 19:01:49] [WARN] File not found: api/network/wired/profiles
[2025-11-15 19:01:49] [WARN] File not found: api/network/wired/advanced
[2025-11-15 19:01:49] [WARN] File not found: api/network/wired/status
[2025-11-15 19:01:49] [WARN] File not found: api/network/wired/configure
[2025-11-15 19:01:49] [WARN] File not found: api/network/wired/profiles
[2025-11-15 19:01:49] [WARN] File not found: api/network/wired/status
[2025-11-15 19:01:49] [WARN] File not found: api/network/wired/configure
[2025-11-15 19:01:49] [WARN] File not found: api/network/wired/profiles
[2025-11-15 19:01:49] [WARN] File not found: api/network/wired/advanced
[2025-11-15 19:01:49] [WARN] File not found: api/network/wired/advanced
[2025-11-15 19:01:49] [INFO] File served: components/wireless-config-section.html
[2025-11-15 19:01:49] [WARN] File not found: api/wireless/status
[2025-11-15 19:01:49] [WARN] File not found: api/wireless/saved-networks-data
[2025-11-15 19:01:49] [WARN] File not found: api/wireless/available-networks-data
[2025-11-15 19:01:49] [WARN] File not found: api/wireless/status
[2025-11-15 19:01:49] [WARN] File not found: api/wireless/saved-networks-data
[2025-11-15 19:01:49] [WARN] File not found: api/wireless/available-networks-data
[2025-11-15 19:01:50] [INFO] File served: components/cellular-config-section.html
[2025-11-15 19:01:50] [WARN] File not found: api/cellular/status
[2025-11-15 19:01:50] [WARN] File not found: api/cellular/config
[2025-11-15 19:01:50] [WARN] File not found: api/cellular/status
[2025-11-15 19:01:50] [WARN] File not found: api/cellular/config
[2025-11-15 19:01:50] [INFO] File served: components/advance-network-section.html
[2025-11-15 19:01:51] [INFO] File served: components/network-priority-section.html
[2025-11-15 19:01:52] [INFO] File served: source.html
[2025-11-15 19:01:52] [INFO] File served: source.html
[2025-11-15 19:01:53] [INFO] File served: source.html
[2025-11-15 19:01:54] [INFO] File served: components/vpn-configuration-section.html
[2025-11-15 19:01:54] [WARN] File not found: api/cellular/status
[2025-11-15 19:01:54] [WARN] File not found: api/cellular/config
[2025-11-15 19:01:54] [WARN] File not found: api/cellular/status
[2025-11-15 19:01:54] [WARN] File not found: api/cellular/config
[2025-11-15 19:01:55] [WARN] File not found: api/cellular/status
[2025-11-15 19:01:55] [WARN] File not found: api/cellular/config
[2025-11-15 19:01:55] [INFO] File served: source.html
[2025-11-15 19:01:55] [WARN] File not found: api/cellular/status
[2025-11-15 19:01:55] [WARN] File not found: api/cellular/config
[2025-11-15 19:01:55] [WARN] File not found: api/cellular/status
[2025-11-15 19:01:55] [WARN] File not found: api/cellular/config
[2025-11-15 19:01:57] [WARN] File not found: api/cellular/status
[2025-11-15 19:01:57] [WARN] File not found: api/cellular/config
[2025-11-15 19:02:07] [WARN] File not found: api/network/wired/status
[2025-11-15 19:02:07] [WARN] File not found: api/network/wired/configure
[2025-11-15 19:02:07] [WARN] File not found: api/network/wired/profiles
[2025-11-15 19:02:07] [WARN] File not found: api/network/wired/advanced
[2025-11-15 19:02:07] [WARN] File not found: api/network/wired/status
[2025-11-15 19:02:07] [WARN] File not found: api/network/wired/configure
[2025-11-15 19:02:07] [WARN] File not found: api/network/wired/profiles
[2025-11-15 19:02:07] [WARN] File not found: api/network/wired/advanced
[2025-11-15 19:02:08] [INFO] File served: source.html
[2025-11-15 19:02:09] [WARN] File not found: api/network/wired/status
[2025-11-15 19:02:09] [WARN] File not found: api/network/wired/configure
[2025-11-15 19:02:09] [WARN] File not found: api/network/wired/advanced
[2025-11-15 19:02:09] [WARN] File not found: api/network/wired/profiles
[2025-11-15 19:02:09] [WARN] File not found: api/network/wired/status
[2025-11-15 19:02:09] [WARN] File not found: api/network/wired/configure
[2025-11-15 19:02:09] [WARN] File not found: api/network/wired/profiles
[2025-11-15 19:02:09] [WARN] File not found: api/network/wired/advanced
[2025-11-15 19:02:10] [WARN] File not found: api/network/wired/status
[2025-11-15 19:02:10] [WARN] File not found: api/network/wired/configure
[2025-11-15 19:02:10] [WARN] File not found: api/network/wired/advanced
[2025-11-15 19:02:10] [WARN] File not found: api/network/wired/profiles
[2025-11-15 19:02:10] [WARN] File not found: api/network/wired/status
[2025-11-15 19:02:10] [WARN] File not found: api/network/wired/configure
[2025-11-15 19:02:10] [WARN] File not found: api/network/wired/status
[2025-11-15 19:02:10] [WARN] File not found: api/network/wired/profiles
[2025-11-15 19:02:10] [WARN] File not found: api/network/wired/configure
[2025-11-15 19:02:10] [WARN] File not found: api/network/wired/profiles
[2025-11-15 19:02:10] [WARN] File not found: api/network/wired/advanced
[2025-11-15 19:02:10] [WARN] File not found: api/network/wired/advanced
[2025-11-15 19:02:13] [INFO] File served: source.html
[2025-11-15 19:03:31] [INFO] File served: components/attached-ip-cameras-section.html
[2025-11-15 19:03:31] [WARN] File not found: api/ip-devices
[2025-11-15 19:03:35] [INFO] File served: source.html
[2025-11-15 19:11:38] [INFO] File served: source.html
[2025-11-15 19:12:01] [INFO] File served: source.html
[2025-11-15 19:12:41] [INFO] File served: login-page.html
[2025-11-15 19:12:41] [INFO] File served: components/popup.js
[2025-11-15 19:12:41] [INFO] File served: assets/js/jwt-token-manager.js
[2025-11-15 19:12:41] [INFO] File served: source.html
[2025-11-15 19:12:42] [INFO] File served: components/landing-section.html
[2025-11-15 19:14:13] [WARN] File not found: landing
[2025-11-15 19:14:39] [WARN] File not found: login
[2025-11-15 19:14:40] [INFO] File served: source.html
[2025-11-15 19:14:46] [INFO] File served: source.html
[2025-11-15 19:14:49] [INFO] File served: components/landing-section.html
[2025-11-15 19:15:03] [INFO] File served: source.html
[2025-11-15 19:15:21] [INFO] File served: source.html
